09:58:18.760 [main] [o.s.c.o.b.m.d.t.JsonDtoTests] DEBUG org.solent.com504.oodd.bank.model.dto.test.JsonDtoTests - Json transactionRequest output:
{
  "fromCard" : {
    "name" : "",
    "endDate" : "",
    "cardnumber" : "",
    "cvv" : "111",
    "issueNumber" : "01"
  },
  "toCard" : {
    "name" : "",
    "endDate" : "",
    "cardnumber" : "",
    "cvv" : "111",
    "issueNumber" : "01"
  },
  "amount" : 100.01
}
09:58:19.122 [main] [o.s.c.o.p.t.PasswordUtilsTest] DEBUG org.solent.com504.oodd.password.test.PasswordUtilsTest - password=1234567890 hashedpw=$2a$12$l21C8J/5OEGK6wed9fJekeOxYOYPZ6GSzwEs3P777OdIz8P50de0y
09:58:19.417 [main] [o.s.c.o.p.t.PasswordUtilsTest] DEBUG org.solent.com504.oodd.password.test.PasswordUtilsTest - password 1234567890 matches
09:58:19.925 [main] [o.s.c.o.p.t.PasswordUtilsTest] DEBUG org.solent.com504.oodd.password.test.PasswordUtilsTest - password 1234567890 does not match
